<?xml version="1.0" encoding="UTF-8"?>
<testsuite xmlns:xsi="http://www.w3.org/2001/XMLSchema-instance" xsi:noNamespaceSchemaLocation="https://maven.apache.org/surefire/maven-surefire-plugin/xsd/surefire-test-report.xsd" name="com.example.springbootdemo.SpringBootDemoApplicationTests" time="1.126" tests="1" errors="1" skipped="0" failures="0">
  <properties>
    <property name="sun.desktop" value="windows"/>
    <property name="awt.toolkit" value="sun.awt.windows.WToolkit"/>
    <property name="file.encoding.pkg" value="sun.io"/>
    <property name="java.specification.version" value="1.8"/>
    <property name="sun.cpu.isalist" value="amd64"/>
    <property name="sun.jnu.encoding" value="GBK"/>
    <property name="java.class.path" value="D:\MyCode\spring-boot-demo\target\test-classes;D:\MyCode\spring-boot-demo\target\classes;C:\Users\yang\.m2\repository\org\springframework\boot\spring-boot-starter-data-redis\2.7.10\spring-boot-starter-data-redis-2.7.10.jar;C:\Users\yang\.m2\repository\org\springframework\boot\spring-boot-starter\2.7.10\spring-boot-starter-2.7.10.jar;C:\Users\yang\.m2\repository\org\springframework\boot\spring-boot\2.7.10\spring-boot-2.7.10.jar;C:\Users\yang\.m2\repository\org\springframework\boot\spring-boot-autoconfigure\2.7.10\spring-boot-autoconfigure-2.7.10.jar;C:\Users\yang\.m2\repository\org\springframework\boot\spring-boot-starter-logging\2.7.10\spring-boot-starter-logging-2.7.10.jar;C:\Users\yang\.m2\repository\ch\qos\logback\logback-classic\1.2.11\logback-classic-1.2.11.jar;C:\Users\yang\.m2\repository\ch\qos\logback\logback-core\1.2.11\logback-core-1.2.11.jar;C:\Users\yang\.m2\repository\org\apache\logging\log4j\log4j-to-slf4j\2.17.2\log4j-to-slf4j-2.17.2.jar;C:\Users\yang\.m2\repository\org\apache\logging\log4j\log4j-api\2.17.2\log4j-api-2.17.2.jar;C:\Users\yang\.m2\repository\org\slf4j\jul-to-slf4j\1.7.36\jul-to-slf4j-1.7.36.jar;C:\Users\yang\.m2\repository\jakarta\annotation\jakarta.annotation-api\1.3.5\jakarta.annotation-api-1.3.5.jar;C:\Users\yang\.m2\repository\org\yaml\snakeyaml\1.30\snakeyaml-1.30.jar;C:\Users\yang\.m2\repository\org\springframework\data\spring-data-redis\2.7.10\spring-data-redis-2.7.10.jar;C:\Users\yang\.m2\repository\org\springframework\data\spring-data-keyvalue\2.7.10\spring-data-keyvalue-2.7.10.jar;C:\Users\yang\.m2\repository\org\springframework\data\spring-data-commons\2.7.10\spring-data-commons-2.7.10.jar;C:\Users\yang\.m2\repository\org\springframework\spring-tx\5.3.26\spring-tx-5.3.26.jar;C:\Users\yang\.m2\repository\org\springframework\spring-oxm\5.3.26\spring-oxm-5.3.26.jar;C:\Users\yang\.m2\repository\org\springframework\spring-aop\5.3.26\spring-aop-5.3.26.jar;C:\Users\yang\.m2\repository\org\springframework\spring-context-support\5.3.26\spring-context-support-5.3.26.jar;C:\Users\yang\.m2\repository\org\slf4j\slf4j-api\1.7.36\slf4j-api-1.7.36.jar;C:\Users\yang\.m2\repository\io\lettuce\lettuce-core\6.1.10.RELEASE\lettuce-core-6.1.10.RELEASE.jar;C:\Users\yang\.m2\repository\io\netty\netty-common\4.1.90.Final\netty-common-4.1.90.Final.jar;C:\Users\yang\.m2\repository\io\netty\netty-handler\4.1.90.Final\netty-handler-4.1.90.Final.jar;C:\Users\yang\.m2\repository\io\netty\netty-resolver\4.1.90.Final\netty-resolver-4.1.90.Final.jar;C:\Users\yang\.m2\repository\io\netty\netty-buffer\4.1.90.Final\netty-buffer-4.1.90.Final.jar;C:\Users\yang\.m2\repository\io\netty\netty-transport-native-unix-common\4.1.90.Final\netty-transport-native-unix-common-4.1.90.Final.jar;C:\Users\yang\.m2\repository\io\netty\netty-codec\4.1.90.Final\netty-codec-4.1.90.Final.jar;C:\Users\yang\.m2\repository\io\netty\netty-transport\4.1.90.Final\netty-transport-4.1.90.Final.jar;C:\Users\yang\.m2\repository\io\projectreactor\reactor-core\3.4.28\reactor-core-3.4.28.jar;C:\Users\yang\.m2\repository\org\reactivestreams\reactive-streams\1.0.4\reactive-streams-1.0.4.jar;C:\Users\yang\.m2\repository\org\springframework\boot\spring-boot-starter-web\2.7.10\spring-boot-starter-web-2.7.10.jar;C:\Users\yang\.m2\repository\org\springframework\boot\spring-boot-starter-json\2.7.10\spring-boot-starter-json-2.7.10.jar;C:\Users\yang\.m2\repository\com\fasterxml\jackson\core\jackson-databind\2.13.5\jackson-databind-2.13.5.jar;C:\Users\yang\.m2\repository\com\fasterxml\jackson\core\jackson-annotations\2.13.5\jackson-annotations-2.13.5.jar;C:\Users\yang\.m2\repository\com\fasterxml\jackson\core\jackson-core\2.13.5\jackson-core-2.13.5.jar;C:\Users\yang\.m2\repository\com\fasterxml\jackson\datatype\jackson-datatype-jdk8\2.13.5\jackson-datatype-jdk8-2.13.5.jar;C:\Users\yang\.m2\repository\com\fasterxml\jackson\datatype\jackson-datatype-jsr310\2.13.5\jackson-datatype-jsr310-2.13.5.jar;C:\Users\yang\.m2\repository\com\fasterxml\jackson\module\jackson-module-parameter-names\2.13.5\jackson-module-parameter-names-2.13.5.jar;C:\Users\yang\.m2\repository\org\springframework\boot\spring-boot-starter-tomcat\2.7.10\spring-boot-starter-tomcat-2.7.10.jar;C:\Users\yang\.m2\repository\org\apache\tomcat\embed\tomcat-embed-core\9.0.73\tomcat-embed-core-9.0.73.jar;C:\Users\yang\.m2\repository\org\apache\tomcat\embed\tomcat-embed-el\9.0.73\tomcat-embed-el-9.0.73.jar;C:\Users\yang\.m2\repository\org\apache\tomcat\embed\tomcat-embed-websocket\9.0.73\tomcat-embed-websocket-9.0.73.jar;C:\Users\yang\.m2\repository\org\springframework\spring-web\5.3.26\spring-web-5.3.26.jar;C:\Users\yang\.m2\repository\org\springframework\spring-beans\5.3.26\spring-beans-5.3.26.jar;C:\Users\yang\.m2\repository\org\springframework\spring-webmvc\5.3.26\spring-webmvc-5.3.26.jar;C:\Users\yang\.m2\repository\org\springframework\spring-context\5.3.26\spring-context-5.3.26.jar;C:\Users\yang\.m2\repository\org\springframework\spring-expression\5.3.26\spring-expression-5.3.26.jar;C:\Users\yang\.m2\repository\org\springframework\boot\spring-boot-starter-websocket\2.7.10\spring-boot-starter-websocket-2.7.10.jar;C:\Users\yang\.m2\repository\org\springframework\spring-messaging\5.3.26\spring-messaging-5.3.26.jar;C:\Users\yang\.m2\repository\org\springframework\spring-websocket\5.3.26\spring-websocket-5.3.26.jar;C:\Users\yang\.m2\repository\org\postgresql\postgresql\42.3.8\postgresql-42.3.8.jar;C:\Users\yang\.m2\repository\org\checkerframework\checker-qual\3.5.0\checker-qual-3.5.0.jar;C:\Users\yang\.m2\repository\org\springframework\boot\spring-boot-configuration-processor\2.7.10\spring-boot-configuration-processor-2.7.10.jar;C:\Users\yang\.m2\repository\org\projectlombok\lombok\1.18.26\lombok-1.18.26.jar;C:\Users\yang\.m2\repository\org\springframework\boot\spring-boot-starter-test\2.7.10\spring-boot-starter-test-2.7.10.jar;C:\Users\yang\.m2\repository\org\springframework\boot\spring-boot-test\2.7.10\spring-boot-test-2.7.10.jar;C:\Users\yang\.m2\repository\org\springframework\boot\spring-boot-test-autoconfigure\2.7.10\spring-boot-test-autoconfigure-2.7.10.jar;C:\Users\yang\.m2\repository\com\jayway\jsonpath\json-path\2.7.0\json-path-2.7.0.jar;C:\Users\yang\.m2\repository\net\minidev\json-smart\2.4.10\json-smart-2.4.10.jar;C:\Users\yang\.m2\repository\net\minidev\accessors-smart\2.4.9\accessors-smart-2.4.9.jar;C:\Users\yang\.m2\repository\org\ow2\asm\asm\9.3\asm-9.3.jar;C:\Users\yang\.m2\repository\jakarta\xml\bind\jakarta.xml.bind-api\2.3.3\jakarta.xml.bind-api-2.3.3.jar;C:\Users\yang\.m2\repository\jakarta\activation\jakarta.activation-api\1.2.2\jakarta.activation-api-1.2.2.jar;C:\Users\yang\.m2\repository\org\assertj\assertj-core\3.22.0\assertj-core-3.22.0.jar;C:\Users\yang\.m2\repository\org\hamcrest\hamcrest\2.2\hamcrest-2.2.jar;C:\Users\yang\.m2\repository\org\junit\jupiter\junit-jupiter\5.8.2\junit-jupiter-5.8.2.jar;C:\Users\yang\.m2\repository\org\junit\jupiter\junit-jupiter-api\5.8.2\junit-jupiter-api-5.8.2.jar;C:\Users\yang\.m2\repository\org\opentest4j\opentest4j\1.2.0\opentest4j-1.2.0.jar;C:\Users\yang\.m2\repository\org\junit\platform\junit-platform-commons\1.8.2\junit-platform-commons-1.8.2.jar;C:\Users\yang\.m2\repository\org\apiguardian\apiguardian-api\1.1.2\apiguardian-api-1.1.2.jar;C:\Users\yang\.m2\repository\org\junit\jupiter\junit-jupiter-params\5.8.2\junit-jupiter-params-5.8.2.jar;C:\Users\yang\.m2\repository\org\junit\jupiter\junit-jupiter-engine\5.8.2\junit-jupiter-engine-5.8.2.jar;C:\Users\yang\.m2\repository\org\junit\platform\junit-platform-engine\1.8.2\junit-platform-engine-1.8.2.jar;C:\Users\yang\.m2\repository\org\mockito\mockito-core\4.5.1\mockito-core-4.5.1.jar;C:\Users\yang\.m2\repository\net\bytebuddy\byte-buddy\1.12.23\byte-buddy-1.12.23.jar;C:\Users\yang\.m2\repository\net\bytebuddy\byte-buddy-agent\1.12.23\byte-buddy-agent-1.12.23.jar;C:\Users\yang\.m2\repository\org\objenesis\objenesis\3.2\objenesis-3.2.jar;C:\Users\yang\.m2\repository\org\mockito\mockito-junit-jupiter\4.5.1\mockito-junit-jupiter-4.5.1.jar;C:\Users\yang\.m2\repository\org\skyscreamer\jsonassert\1.5.1\jsonassert-1.5.1.jar;C:\Users\yang\.m2\repository\com\vaadin\external\google\android-json\0.0.20131108.vaadin1\android-json-0.0.20131108.vaadin1.jar;C:\Users\yang\.m2\repository\org\springframework\spring-core\5.3.26\spring-core-5.3.26.jar;C:\Users\yang\.m2\repository\org\springframework\spring-jcl\5.3.26\spring-jcl-5.3.26.jar;C:\Users\yang\.m2\repository\org\springframework\spring-test\5.3.26\spring-test-5.3.26.jar;C:\Users\yang\.m2\repository\org\xmlunit\xmlunit-core\2.9.1\xmlunit-core-2.9.1.jar;C:\Users\yang\.m2\repository\org\springframework\restdocs\spring-restdocs-mockmvc\2.0.7.RELEASE\spring-restdocs-mockmvc-2.0.7.RELEASE.jar;C:\Users\yang\.m2\repository\org\springframework\restdocs\spring-restdocs-core\2.0.7.RELEASE\spring-restdocs-core-2.0.7.RELEASE.jar;C:\Users\yang\.m2\repository\javax\servlet\javax.servlet-api\4.0.1\javax.servlet-api-4.0.1.jar;"/>
    <property name="java.vm.vendor" value="Oracle Corporation"/>
    <property name="sun.arch.data.model" value="64"/>
    <property name="user.variant" value=""/>
    <property name="java.vendor.url" value="http://java.oracle.com/"/>
    <property name="user.timezone" value="Asia/Shanghai"/>
    <property name="java.vm.specification.version" value="1.8"/>
    <property name="os.name" value="Windows 11"/>
    <property name="user.country" value="CN"/>
    <property name="sun.java.launcher" value="SUN_STANDARD"/>
    <property name="sun.boot.library.path" value="C:\Program Files\Java\jdk1.8.0_361\jre\bin"/>
    <property name="sun.java.command" value="C:\Users\yang\AppData\Local\Temp\surefire4181149840349624221\surefirebooter4402451854331871174.jar C:\Users\yang\AppData\Local\Temp\surefire4181149840349624221 2023-05-10T23-11-14_848-jvmRun1 surefire6861799947747209296tmp surefire_01076252152982378846tmp"/>
    <property name="surefire.test.class.path" value="D:\MyCode\spring-boot-demo\target\test-classes;D:\MyCode\spring-boot-demo\target\classes;C:\Users\yang\.m2\repository\org\springframework\boot\spring-boot-starter-data-redis\2.7.10\spring-boot-starter-data-redis-2.7.10.jar;C:\Users\yang\.m2\repository\org\springframework\boot\spring-boot-starter\2.7.10\spring-boot-starter-2.7.10.jar;C:\Users\yang\.m2\repository\org\springframework\boot\spring-boot\2.7.10\spring-boot-2.7.10.jar;C:\Users\yang\.m2\repository\org\springframework\boot\spring-boot-autoconfigure\2.7.10\spring-boot-autoconfigure-2.7.10.jar;C:\Users\yang\.m2\repository\org\springframework\boot\spring-boot-starter-logging\2.7.10\spring-boot-starter-logging-2.7.10.jar;C:\Users\yang\.m2\repository\ch\qos\logback\logback-classic\1.2.11\logback-classic-1.2.11.jar;C:\Users\yang\.m2\repository\ch\qos\logback\logback-core\1.2.11\logback-core-1.2.11.jar;C:\Users\yang\.m2\repository\org\apache\logging\log4j\log4j-to-slf4j\2.17.2\log4j-to-slf4j-2.17.2.jar;C:\Users\yang\.m2\repository\org\apache\logging\log4j\log4j-api\2.17.2\log4j-api-2.17.2.jar;C:\Users\yang\.m2\repository\org\slf4j\jul-to-slf4j\1.7.36\jul-to-slf4j-1.7.36.jar;C:\Users\yang\.m2\repository\jakarta\annotation\jakarta.annotation-api\1.3.5\jakarta.annotation-api-1.3.5.jar;C:\Users\yang\.m2\repository\org\yaml\snakeyaml\1.30\snakeyaml-1.30.jar;C:\Users\yang\.m2\repository\org\springframework\data\spring-data-redis\2.7.10\spring-data-redis-2.7.10.jar;C:\Users\yang\.m2\repository\org\springframework\data\spring-data-keyvalue\2.7.10\spring-data-keyvalue-2.7.10.jar;C:\Users\yang\.m2\repository\org\springframework\data\spring-data-commons\2.7.10\spring-data-commons-2.7.10.jar;C:\Users\yang\.m2\repository\org\springframework\spring-tx\5.3.26\spring-tx-5.3.26.jar;C:\Users\yang\.m2\repository\org\springframework\spring-oxm\5.3.26\spring-oxm-5.3.26.jar;C:\Users\yang\.m2\repository\org\springframework\spring-aop\5.3.26\spring-aop-5.3.26.jar;C:\Users\yang\.m2\repository\org\springframework\spring-context-support\5.3.26\spring-context-support-5.3.26.jar;C:\Users\yang\.m2\repository\org\slf4j\slf4j-api\1.7.36\slf4j-api-1.7.36.jar;C:\Users\yang\.m2\repository\io\lettuce\lettuce-core\6.1.10.RELEASE\lettuce-core-6.1.10.RELEASE.jar;C:\Users\yang\.m2\repository\io\netty\netty-common\4.1.90.Final\netty-common-4.1.90.Final.jar;C:\Users\yang\.m2\repository\io\netty\netty-handler\4.1.90.Final\netty-handler-4.1.90.Final.jar;C:\Users\yang\.m2\repository\io\netty\netty-resolver\4.1.90.Final\netty-resolver-4.1.90.Final.jar;C:\Users\yang\.m2\repository\io\netty\netty-buffer\4.1.90.Final\netty-buffer-4.1.90.Final.jar;C:\Users\yang\.m2\repository\io\netty\netty-transport-native-unix-common\4.1.90.Final\netty-transport-native-unix-common-4.1.90.Final.jar;C:\Users\yang\.m2\repository\io\netty\netty-codec\4.1.90.Final\netty-codec-4.1.90.Final.jar;C:\Users\yang\.m2\repository\io\netty\netty-transport\4.1.90.Final\netty-transport-4.1.90.Final.jar;C:\Users\yang\.m2\repository\io\projectreactor\reactor-core\3.4.28\reactor-core-3.4.28.jar;C:\Users\yang\.m2\repository\org\reactivestreams\reactive-streams\1.0.4\reactive-streams-1.0.4.jar;C:\Users\yang\.m2\repository\org\springframework\boot\spring-boot-starter-web\2.7.10\spring-boot-starter-web-2.7.10.jar;C:\Users\yang\.m2\repository\org\springframework\boot\spring-boot-starter-json\2.7.10\spring-boot-starter-json-2.7.10.jar;C:\Users\yang\.m2\repository\com\fasterxml\jackson\core\jackson-databind\2.13.5\jackson-databind-2.13.5.jar;C:\Users\yang\.m2\repository\com\fasterxml\jackson\core\jackson-annotations\2.13.5\jackson-annotations-2.13.5.jar;C:\Users\yang\.m2\repository\com\fasterxml\jackson\core\jackson-core\2.13.5\jackson-core-2.13.5.jar;C:\Users\yang\.m2\repository\com\fasterxml\jackson\datatype\jackson-datatype-jdk8\2.13.5\jackson-datatype-jdk8-2.13.5.jar;C:\Users\yang\.m2\repository\com\fasterxml\jackson\datatype\jackson-datatype-jsr310\2.13.5\jackson-datatype-jsr310-2.13.5.jar;C:\Users\yang\.m2\repository\com\fasterxml\jackson\module\jackson-module-parameter-names\2.13.5\jackson-module-parameter-names-2.13.5.jar;C:\Users\yang\.m2\repository\org\springframework\boot\spring-boot-starter-tomcat\2.7.10\spring-boot-starter-tomcat-2.7.10.jar;C:\Users\yang\.m2\repository\org\apache\tomcat\embed\tomcat-embed-core\9.0.73\tomcat-embed-core-9.0.73.jar;C:\Users\yang\.m2\repository\org\apache\tomcat\embed\tomcat-embed-el\9.0.73\tomcat-embed-el-9.0.73.jar;C:\Users\yang\.m2\repository\org\apache\tomcat\embed\tomcat-embed-websocket\9.0.73\tomcat-embed-websocket-9.0.73.jar;C:\Users\yang\.m2\repository\org\springframework\spring-web\5.3.26\spring-web-5.3.26.jar;C:\Users\yang\.m2\repository\org\springframework\spring-beans\5.3.26\spring-beans-5.3.26.jar;C:\Users\yang\.m2\repository\org\springframework\spring-webmvc\5.3.26\spring-webmvc-5.3.26.jar;C:\Users\yang\.m2\repository\org\springframework\spring-context\5.3.26\spring-context-5.3.26.jar;C:\Users\yang\.m2\repository\org\springframework\spring-expression\5.3.26\spring-expression-5.3.26.jar;C:\Users\yang\.m2\repository\org\springframework\boot\spring-boot-starter-websocket\2.7.10\spring-boot-starter-websocket-2.7.10.jar;C:\Users\yang\.m2\repository\org\springframework\spring-messaging\5.3.26\spring-messaging-5.3.26.jar;C:\Users\yang\.m2\repository\org\springframework\spring-websocket\5.3.26\spring-websocket-5.3.26.jar;C:\Users\yang\.m2\repository\org\postgresql\postgresql\42.3.8\postgresql-42.3.8.jar;C:\Users\yang\.m2\repository\org\checkerframework\checker-qual\3.5.0\checker-qual-3.5.0.jar;C:\Users\yang\.m2\repository\org\springframework\boot\spring-boot-configuration-processor\2.7.10\spring-boot-configuration-processor-2.7.10.jar;C:\Users\yang\.m2\repository\org\projectlombok\lombok\1.18.26\lombok-1.18.26.jar;C:\Users\yang\.m2\repository\org\springframework\boot\spring-boot-starter-test\2.7.10\spring-boot-starter-test-2.7.10.jar;C:\Users\yang\.m2\repository\org\springframework\boot\spring-boot-test\2.7.10\spring-boot-test-2.7.10.jar;C:\Users\yang\.m2\repository\org\springframework\boot\spring-boot-test-autoconfigure\2.7.10\spring-boot-test-autoconfigure-2.7.10.jar;C:\Users\yang\.m2\repository\com\jayway\jsonpath\json-path\2.7.0\json-path-2.7.0.jar;C:\Users\yang\.m2\repository\net\minidev\json-smart\2.4.10\json-smart-2.4.10.jar;C:\Users\yang\.m2\repository\net\minidev\accessors-smart\2.4.9\accessors-smart-2.4.9.jar;C:\Users\yang\.m2\repository\org\ow2\asm\asm\9.3\asm-9.3.jar;C:\Users\yang\.m2\repository\jakarta\xml\bind\jakarta.xml.bind-api\2.3.3\jakarta.xml.bind-api-2.3.3.jar;C:\Users\yang\.m2\repository\jakarta\activation\jakarta.activation-api\1.2.2\jakarta.activation-api-1.2.2.jar;C:\Users\yang\.m2\repository\org\assertj\assertj-core\3.22.0\assertj-core-3.22.0.jar;C:\Users\yang\.m2\repository\org\hamcrest\hamcrest\2.2\hamcrest-2.2.jar;C:\Users\yang\.m2\repository\org\junit\jupiter\junit-jupiter\5.8.2\junit-jupiter-5.8.2.jar;C:\Users\yang\.m2\repository\org\junit\jupiter\junit-jupiter-api\5.8.2\junit-jupiter-api-5.8.2.jar;C:\Users\yang\.m2\repository\org\opentest4j\opentest4j\1.2.0\opentest4j-1.2.0.jar;C:\Users\yang\.m2\repository\org\junit\platform\junit-platform-commons\1.8.2\junit-platform-commons-1.8.2.jar;C:\Users\yang\.m2\repository\org\apiguardian\apiguardian-api\1.1.2\apiguardian-api-1.1.2.jar;C:\Users\yang\.m2\repository\org\junit\jupiter\junit-jupiter-params\5.8.2\junit-jupiter-params-5.8.2.jar;C:\Users\yang\.m2\repository\org\junit\jupiter\junit-jupiter-engine\5.8.2\junit-jupiter-engine-5.8.2.jar;C:\Users\yang\.m2\repository\org\junit\platform\junit-platform-engine\1.8.2\junit-platform-engine-1.8.2.jar;C:\Users\yang\.m2\repository\org\mockito\mockito-core\4.5.1\mockito-core-4.5.1.jar;C:\Users\yang\.m2\repository\net\bytebuddy\byte-buddy\1.12.23\byte-buddy-1.12.23.jar;C:\Users\yang\.m2\repository\net\bytebuddy\byte-buddy-agent\1.12.23\byte-buddy-agent-1.12.23.jar;C:\Users\yang\.m2\repository\org\objenesis\objenesis\3.2\objenesis-3.2.jar;C:\Users\yang\.m2\repository\org\mockito\mockito-junit-jupiter\4.5.1\mockito-junit-jupiter-4.5.1.jar;C:\Users\yang\.m2\repository\org\skyscreamer\jsonassert\1.5.1\jsonassert-1.5.1.jar;C:\Users\yang\.m2\repository\com\vaadin\external\google\android-json\0.0.20131108.vaadin1\android-json-0.0.20131108.vaadin1.jar;C:\Users\yang\.m2\repository\org\springframework\spring-core\5.3.26\spring-core-5.3.26.jar;C:\Users\yang\.m2\repository\org\springframework\spring-jcl\5.3.26\spring-jcl-5.3.26.jar;C:\Users\yang\.m2\repository\org\springframework\spring-test\5.3.26\spring-test-5.3.26.jar;C:\Users\yang\.m2\repository\org\xmlunit\xmlunit-core\2.9.1\xmlunit-core-2.9.1.jar;C:\Users\yang\.m2\repository\org\springframework\restdocs\spring-restdocs-mockmvc\2.0.7.RELEASE\spring-restdocs-mockmvc-2.0.7.RELEASE.jar;C:\Users\yang\.m2\repository\org\springframework\restdocs\spring-restdocs-core\2.0.7.RELEASE\spring-restdocs-core-2.0.7.RELEASE.jar;C:\Users\yang\.m2\repository\javax\servlet\javax.servlet-api\4.0.1\javax.servlet-api-4.0.1.jar;"/>
    <property name="sun.cpu.endian" value="little"/>
    <property name="user.home" value="C:\Users\yang"/>
    <property name="user.language" value="zh"/>
    <property name="java.specification.vendor" value="Oracle Corporation"/>
    <property name="java.home" value="C:\Program Files\Java\jdk1.8.0_361\jre"/>
    <property name="basedir" value="D:\MyCode\spring-boot-demo"/>
    <property name="file.separator" value="\"/>
    <property name="line.separator" value="&#10;"/>
    <property name="java.vm.specification.vendor" value="Oracle Corporation"/>
    <property name="java.specification.name" value="Java Platform API Specification"/>
    <property name="java.awt.graphicsenv" value="sun.awt.Win32GraphicsEnvironment"/>
    <property name="surefire.real.class.path" value="C:\Users\yang\AppData\Local\Temp\surefire4181149840349624221\surefirebooter4402451854331871174.jar"/>
    <property name="sun.boot.class.path" value="C:\Program Files\Java\jdk1.8.0_361\jre\lib\resources.jar;C:\Program Files\Java\jdk1.8.0_361\jre\lib\rt.jar;C:\Program Files\Java\jdk1.8.0_361\jre\lib\jsse.jar;C:\Program Files\Java\jdk1.8.0_361\jre\lib\jce.jar;C:\Program Files\Java\jdk1.8.0_361\jre\lib\charsets.jar;C:\Program Files\Java\jdk1.8.0_361\jre\lib\jfr.jar;C:\Program Files\Java\jdk1.8.0_361\jre\classes"/>
    <property name="user.script" value=""/>
    <property name="sun.management.compiler" value="HotSpot 64-Bit Tiered Compilers"/>
    <property name="java.runtime.version" value="1.8.0_361-b09"/>
    <property name="user.name" value="yang"/>
    <property name="path.separator" value=";"/>
    <property name="os.version" value="10.0"/>
    <property name="java.endorsed.dirs" value="C:\Program Files\Java\jdk1.8.0_361\jre\lib\endorsed"/>
    <property name="java.runtime.name" value="Java(TM) SE Runtime Environment"/>
    <property name="file.encoding" value="GBK"/>
    <property name="java.vm.name" value="Java HotSpot(TM) 64-Bit Server VM"/>
    <property name="localRepository" value="C:\Users\yang\.m2\repository"/>
    <property name="java.vendor.url.bug" value="http://bugreport.sun.com/bugreport/"/>
    <property name="java.io.tmpdir" value="C:\Users\yang\AppData\Local\Temp\"/>
    <property name="idea.version" value="2022.3.3"/>
    <property name="java.version" value="1.8.0_361"/>
    <property name="user.dir" value="D:\MyCode\spring-boot-demo"/>
    <property name="os.arch" value="amd64"/>
    <property name="java.vm.specification.name" value="Java Virtual Machine Specification"/>
    <property name="java.awt.printerjob" value="sun.awt.windows.WPrinterJob"/>
    <property name="sun.os.patch.level" value=""/>
    <property name="java.library.path" value="C:\Program Files\Java\jdk1.8.0_361\jre\bin;C:\WINDOWS\Sun\Java\bin;C:\WINDOWS\system32;C:\WINDOWS;D:\tools\Redis;C:\Program Files\Java\jdk1.8.0_361\bin;C:\Program Files\Java\jre1.8.0_361\bin;C:\Program Files (x86)\Common Files\Oracle\Java\javapath;C:\Program Files\NVIDIA GPU Computing Toolkit\CUDA\v11.6\bin;C:\Program Files\NVIDIA GPU Computing Toolkit\CUDA\v11.6\libnvvp;C:\Program Files (x86)\VMware\VMware Workstation\bin\;C:\WINDOWS\system32;C:\WINDOWS;C:\WINDOWS\System32\Wbem;C:\WINDOWS\System32\WindowsPowerShell\v1.0\;C:\WINDOWS\System32\OpenSSH\;C:\Users\Administrator\AppData\Local\Microsoft\WindowsApps;C:\Recovery\OEM\Backup\;C:\Program Files (x86)\NVIDIA Corporation\PhysX\Common;C:\Program Files\NVIDIA Corporation\NVIDIA NvDLISR;C:\Recovery\OEM\Backup\;C:\Program Files (x86)\EasyShare\x86\;C:\Program Files (x86)\EasyShare\x64\;C:\Program Files\Microsoft SQL Server\130\Tools\Binn\;C:\Program Files\dotnet\;C:\Program Files\NVIDIA Corporation\Nsight Compute 2022.1.1\;C:\Program Files\Git\cmd;D:\MyCode\ffmpeg\bin;D:\tools\apache-maven-3.9.1\bin;C:\Program Files\nodejs\;C:\Users\yang\AppData\Local\Microsoft\WindowsApps;C:\Program Files\Bandizip\;C:\Users\yang\AppData\Local\Programs\Microsoft VS Code\bin;C:\Users\yang\AppData\Roaming\npm;."/>
    <property name="java.vm.info" value="mixed mode"/>
    <property name="java.vendor" value="Oracle Corporation"/>
    <property name="java.vm.version" value="25.361-b09"/>
    <property name="java.specification.maintenance.version" value="4"/>
    <property name="java.ext.dirs" value="C:\Program Files\Java\jdk1.8.0_361\jre\lib\ext;C:\WINDOWS\Sun\Java\lib\ext"/>
    <property name="sun.io.unicode.encoding" value="UnicodeLittle"/>
    <property name="java.class.version" value="52.0"/>
  </properties>
  <testcase name="contextLoads" classname="com.example.springbootdemo.SpringBootDemoApplicationTests" time="0.004">
    <error message="Failed to load ApplicationContext" type="java.lang.IllegalStateException">java.lang.IllegalStateException: Failed to load ApplicationContext
Caused by: org.springframework.beans.factory.BeanCreationException: Error creating bean with name 'serverEndpointExporter' defined in com.example.springbootdemo.SpringBootDemoApplication$WebSocketConfig: Invocation of init method failed; nested exception is java.lang.IllegalStateException: javax.websocket.server.ServerContainer not available
Caused by: java.lang.IllegalStateException: javax.websocket.server.ServerContainer not available
</error>
    <system-out><![CDATA[23:11:15.685 [main] DEBUG org.springframework.test.context.BootstrapUtils - Instantiating CacheAwareContextLoaderDelegate from class [org.springframework.test.context.cache.DefaultCacheAwareContextLoaderDelegate]
23:11:15.693 [main] DEBUG org.springframework.test.context.BootstrapUtils - Instantiating BootstrapContext using constructor [public org.springframework.test.context.support.DefaultBootstrapContext(java.lang.Class,org.springframework.test.context.CacheAwareContextLoaderDelegate)]
23:11:15.717 [main] DEBUG org.springframework.test.context.BootstrapUtils - Instantiating TestContextBootstrapper for test class [com.example.springbootdemo.SpringBootDemoApplicationTests] from class [org.springframework.boot.test.context.SpringBootTestContextBootstrapper]
23:11:15.727 [main] INFO org.springframework.boot.test.context.SpringBootTestContextBootstrapper - Neither @ContextConfiguration nor @ContextHierarchy found for test class [com.example.springbootdemo.SpringBootDemoApplicationTests], using SpringBootContextLoader
23:11:15.731 [main] DEBUG org.springframework.test.context.support.AbstractContextLoader - Did not detect default resource location for test class [com.example.springbootdemo.SpringBootDemoApplicationTests]: class path resource [com/example/springbootdemo/SpringBootDemoApplicationTests-context.xml] does not exist
23:11:15.731 [main] DEBUG org.springframework.test.context.support.AbstractContextLoader - Did not detect default resource location for test class [com.example.springbootdemo.SpringBootDemoApplicationTests]: class path resource [com/example/springbootdemo/SpringBootDemoApplicationTestsContext.groovy] does not exist
23:11:15.732 [main] INFO org.springframework.test.context.support.AbstractContextLoader - Could not detect default resource locations for test class [com.example.springbootdemo.SpringBootDemoApplicationTests]: no resource found for suffixes {-context.xml, Context.groovy}.
23:11:15.732 [main] INFO org.springframework.test.context.support.AnnotationConfigContextLoaderUtils - Could not detect default configuration classes for test class [com.example.springbootdemo.SpringBootDemoApplicationTests]: SpringBootDemoApplicationTests does not declare any static, non-private, non-final, nested classes annotated with @Configuration.
23:11:15.763 [main] DEBUG org.springframework.test.context.support.ActiveProfilesUtils - Could not find an 'annotation declaring class' for annotation type [org.springframework.test.context.ActiveProfiles] and class [com.example.springbootdemo.SpringBootDemoApplicationTests]
23:11:15.815 [main] DEBUG org.springframework.context.annotation.ClassPathScanningCandidateComponentProvider - Identified candidate component class: file [D:\MyCode\spring-boot-demo\target\classes\com\example\springbootdemo\SpringBootDemoApplication.class]
23:11:15.816 [main] INFO org.springframework.boot.test.context.SpringBootTestContextBootstrapper - Found @SpringBootConfiguration com.example.springbootdemo.SpringBootDemoApplication for test class com.example.springbootdemo.SpringBootDemoApplicationTests
23:11:15.892 [main] DEBUG org.springframework.boot.test.context.SpringBootTestContextBootstrapper - @TestExecutionListeners is not present for class [com.example.springbootdemo.SpringBootDemoApplicationTests]: using defaults.
23:11:15.892 [main] INFO org.springframework.boot.test.context.SpringBootTestContextBootstrapper - Loaded default TestExecutionListener class names from location [META-INF/spring.factories]: [org.springframework.boot.test.mock.mockito.MockitoTestExecutionListener, org.springframework.boot.test.mock.mockito.ResetMocksTestExecutionListener, org.springframework.boot.test.autoconfigure.restdocs.RestDocsTestExecutionListener, org.springframework.boot.test.autoconfigure.web.client.MockRestServiceServerResetTestExecutionListener, org.springframework.boot.test.autoconfigure.web.servlet.MockMvcPrintOnlyOnFailureTestExecutionListener, org.springframework.boot.test.autoconfigure.web.servlet.WebDriverTestExecutionListener, org.springframework.boot.test.autoconfigure.webservices.client.MockWebServiceServerTestExecutionListener, org.springframework.test.context.web.ServletTestExecutionListener, org.springframework.test.context.support.DirtiesContextBeforeModesTestExecutionListener, org.springframework.test.context.event.ApplicationEventsTestExecutionListener, org.springframework.test.context.support.DependencyInjectionTestExecutionListener, org.springframework.test.context.support.DirtiesContextTestExecutionListener, org.springframework.test.context.transaction.TransactionalTestExecutionListener, org.springframework.test.context.jdbc.SqlScriptsTestExecutionListener, org.springframework.test.context.event.EventPublishingTestExecutionListener]
23:11:15.909 [main] INFO org.springframework.boot.test.context.SpringBootTestContextBootstrapper - Using TestExecutionListeners: [org.springframework.test.context.web.ServletTestExecutionListener@2b40ff9c, org.springframework.test.context.support.DirtiesContextBeforeModesTestExecutionListener@3e08ff24, org.springframework.test.context.event.ApplicationEventsTestExecutionListener@4d1c005e, org.springframework.boot.test.mock.mockito.MockitoTestExecutionListener@8462f31, org.springframework.boot.test.autoconfigure.SpringBootDependencyInjectionTestExecutionListener@24569dba, org.springframework.test.context.support.DirtiesContextTestExecutionListener@5ddeb7cb, org.springframework.test.context.transaction.TransactionalTestExecutionListener@70ed52de, org.springframework.test.context.jdbc.SqlScriptsTestExecutionListener@496bc455, org.springframework.test.context.event.EventPublishingTestExecutionListener@59402b8f, org.springframework.boot.test.mock.mockito.ResetMocksTestExecutionListener@7188af83, org.springframework.boot.test.autoconfigure.restdocs.RestDocsTestExecutionListener@6be968ce, org.springframework.boot.test.autoconfigure.web.client.MockRestServiceServerResetTestExecutionListener@7c37508a, org.springframework.boot.test.autoconfigure.web.servlet.MockMvcPrintOnlyOnFailureTestExecutionListener@247310d0, org.springframework.boot.test.autoconfigure.web.servlet.WebDriverTestExecutionListener@1033576a, org.springframework.boot.test.autoconfigure.webservices.client.MockWebServiceServerTestExecutionListener@303cf2ba]
23:11:15.912 [main] DEBUG org.springframework.test.context.support.AbstractDirtiesContextTestExecutionListener - Before test class: context [DefaultTestContext@35841320 testClass = SpringBootDemoApplicationTests, testInstance = [null], testMethod = [null], testException = [null], mergedContextConfiguration = [WebMergedContextConfiguration@61c4eee0 testClass = SpringBootDemoApplicationTests, locations = '{}', classes = '{class com.example.springbootdemo.SpringBootDemoApplication}', contextInitializerClasses = '[]', activeProfiles = '{}', propertySourceLocations = '{}', propertySourceProperties = '{org.springframework.boot.test.context.SpringBootTestContextBootstrapper=true}', contextCustomizers = set[org.springframework.boot.test.context.filter.ExcludeFilterContextCustomizer@694abbdc, org.springframework.boot.test.json.DuplicateJsonObjectContextCustomizerFactory$DuplicateJsonObjectContextCustomizer@4f18837a, org.springframework.boot.test.mock.mockito.MockitoContextCustomizer@0, org.springframework.boot.test.web.client.TestRestTemplateContextCustomizer@245b4bdc, org.springframework.boot.test.autoconfigure.actuate.metrics.MetricsExportContextCustomizerFactory$DisableMetricExportContextCustomizer@595b007d, org.springframework.boot.test.autoconfigure.properties.PropertyMappingContextCustomizer@0, org.springframework.boot.test.autoconfigure.web.servlet.WebDriverContextCustomizerFactory$Customizer@1623b78d, org.springframework.boot.test.context.SpringBootTestArgs@1, org.springframework.boot.test.context.SpringBootTestWebEnvironment@c038203], resourceBasePath = 'src/main/webapp', contextLoader = 'org.springframework.boot.test.context.SpringBootContextLoader', parent = [null]], attributes = map['org.springframework.test.context.web.ServletTestExecutionListener.activateListener' -> true]], class annotated with @DirtiesContext [false] with mode [null].

  .   ____          _            __ _ _
 /\\ / ___'_ __ _ _(_)_ __  __ _ \ \ \ \
( ( )\___ | '_ | '_| | '_ \/ _` | \ \ \ \
 \\/  ___)| |_)| | | | | || (_| |  ) ) ) )
  '  |____| .__|_| |_|_| |_\__, | / / / /
 =========|_|==============|___/=/_/_/_/
 :: Spring Boot ::               (v2.7.10)

2023-05-10 23:11:16.113  INFO 16084 --- [           main] c.e.s.SpringBootDemoApplicationTests     : Starting SpringBootDemoApplicationTests using Java 1.8.0_361 on DESKTOP-872BQA4 with PID 16084 (started by yang in D:\MyCode\spring-boot-demo)
2023-05-10 23:11:16.114  INFO 16084 --- [           main] c.e.s.SpringBootDemoApplicationTests     : No active profile set, falling back to 1 default profile: "default"
2023-05-10 23:11:16.521  INFO 16084 --- [           main] .s.d.r.c.RepositoryConfigurationDelegate : Multiple Spring Data modules found, entering strict repository configuration mode
2023-05-10 23:11:16.523  INFO 16084 --- [           main] .s.d.r.c.RepositoryConfigurationDelegate : Bootstrapping Spring Data Redis repositories in DEFAULT mode.
2023-05-10 23:11:16.539  INFO 16084 --- [           main] .s.d.r.c.RepositoryConfigurationDelegate : Finished Spring Data repository scanning in 4 ms. Found 0 Redis repository interfaces.
2023-05-10 23:11:16.745  WARN 16084 --- [           main] o.s.w.c.s.GenericWebApplicationContext   : Exception encountered during context initialization - cancelling refresh attempt: org.springframework.beans.factory.BeanCreationException: Error creating bean with name 'serverEndpointExporter' defined in com.example.springbootdemo.SpringBootDemoApplication$WebSocketConfig: Invocation of init method failed; nested exception is java.lang.IllegalStateException: javax.websocket.server.ServerContainer not available
2023-05-10 23:11:16.751  INFO 16084 --- [           main] ConditionEvaluationReportLoggingListener : 

Error starting ApplicationContext. To display the conditions report re-run your application with 'debug' enabled.
2023-05-10 23:11:16.768 ERROR 16084 --- [           main] o.s.boot.SpringApplication               : Application run failed

org.springframework.beans.factory.BeanCreationException: Error creating bean with name 'serverEndpointExporter' defined in com.example.springbootdemo.SpringBootDemoApplication$WebSocketConfig: Invocation of init method failed; nested exception is java.lang.IllegalStateException: javax.websocket.server.ServerContainer not available
	at org.springframework.beans.factory.support.AbstractAutowireCapableBeanFactory.initializeBean(AbstractAutowireCapableBeanFactory.java:1804) ~[spring-beans-5.3.26.jar:5.3.26]
	at org.springframework.beans.factory.support.AbstractAutowireCapableBeanFactory.doCreateBean(AbstractAutowireCapableBeanFactory.java:620) ~[spring-beans-5.3.26.jar:5.3.26]
	at org.springframework.beans.factory.support.AbstractAutowireCapableBeanFactory.createBean(AbstractAutowireCapableBeanFactory.java:542) ~[spring-beans-5.3.26.jar:5.3.26]
	at org.springframework.beans.factory.support.AbstractBeanFactory.lambda$doGetBean$0(AbstractBeanFactory.java:335) ~[spring-beans-5.3.26.jar:5.3.26]
	at org.springframework.beans.factory.support.DefaultSingletonBeanRegistry.getSingleton(DefaultSingletonBeanRegistry.java:234) ~[spring-beans-5.3.26.jar:5.3.26]
	at org.springframework.beans.factory.support.AbstractBeanFactory.doGetBean(AbstractBeanFactory.java:333) ~[spring-beans-5.3.26.jar:5.3.26]
	at org.springframework.beans.factory.support.AbstractBeanFactory.getBean(AbstractBeanFactory.java:208) ~[spring-beans-5.3.26.jar:5.3.26]
	at org.springframework.beans.factory.support.DefaultListableBeanFactory.preInstantiateSingletons(DefaultListableBeanFactory.java:955) ~[spring-beans-5.3.26.jar:5.3.26]
	at org.springframework.context.support.AbstractApplicationContext.finishBeanFactoryInitialization(AbstractApplicationContext.java:920) ~[spring-context-5.3.26.jar:5.3.26]
	at org.springframework.context.support.AbstractApplicationContext.refresh(AbstractApplicationContext.java:583) ~[spring-context-5.3.26.jar:5.3.26]
	at org.springframework.boot.SpringApplication.refresh(SpringApplication.java:731) ~[spring-boot-2.7.10.jar:2.7.10]
	at org.springframework.boot.SpringApplication.refreshContext(SpringApplication.java:408) ~[spring-boot-2.7.10.jar:2.7.10]
	at org.springframework.boot.SpringApplication.run(SpringApplication.java:307) ~[spring-boot-2.7.10.jar:2.7.10]
	at org.springframework.boot.test.context.SpringBootContextLoader.loadContext(SpringBootContextLoader.java:136) [spring-boot-test-2.7.10.jar:2.7.10]
	at org.springframework.test.context.cache.DefaultCacheAwareContextLoaderDelegate.loadContextInternal(DefaultCacheAwareContextLoaderDelegate.java:141) [spring-test-5.3.26.jar:5.3.26]
	at org.springframework.test.context.cache.DefaultCacheAwareContextLoaderDelegate.loadContext(DefaultCacheAwareContextLoaderDelegate.java:90) [spring-test-5.3.26.jar:5.3.26]
	at org.springframework.test.context.support.DefaultTestContext.getApplicationContext(DefaultTestContext.java:124) [spring-test-5.3.26.jar:5.3.26]
	at org.springframework.test.context.web.ServletTestExecutionListener.setUpRequestContextIfNecessary(ServletTestExecutionListener.java:190) [spring-test-5.3.26.jar:5.3.26]
	at org.springframework.test.context.web.ServletTestExecutionListener.prepareTestInstance(ServletTestExecutionListener.java:132) [spring-test-5.3.26.jar:5.3.26]
	at org.springframework.test.context.TestContextManager.prepareTestInstance(TestContextManager.java:248) [spring-test-5.3.26.jar:5.3.26]
	at org.springframework.test.context.junit.jupiter.SpringExtension.postProcessTestInstance(SpringExtension.java:138) [spring-test-5.3.26.jar:5.3.26]
	at org.junit.jupiter.engine.descriptor.ClassBasedTestDescriptor.lambda$invokeTestInstancePostProcessors$8(ClassBasedTestDescriptor.java:363) [junit-jupiter-engine-5.8.2.jar:5.8.2]
	at org.junit.jupiter.engine.descriptor.ClassBasedTestDescriptor.executeAndMaskThrowable(ClassBasedTestDescriptor.java:368) [junit-jupiter-engine-5.8.2.jar:5.8.2]
	at org.junit.jupiter.engine.descriptor.ClassBasedTestDescriptor.lambda$invokeTestInstancePostProcessors$9(ClassBasedTestDescriptor.java:363) [junit-jupiter-engine-5.8.2.jar:5.8.2]
	at java.util.stream.ReferencePipeline$3$1.accept(ReferencePipeline.java:193) ~[na:1.8.0_361]
	at java.util.stream.ReferencePipeline$2$1.accept(ReferencePipeline.java:175) ~[na:1.8.0_361]
	at java.util.ArrayList$ArrayListSpliterator.forEachRemaining(ArrayList.java:1384) ~[na:1.8.0_361]
	at java.util.stream.AbstractPipeline.copyInto(AbstractPipeline.java:482) ~[na:1.8.0_361]
	at java.util.stream.AbstractPipeline.wrapAndCopyInto(AbstractPipeline.java:472) ~[na:1.8.0_361]
	at java.util.stream.StreamSpliterators$WrappingSpliterator.forEachRemaining(StreamSpliterators.java:312) ~[na:1.8.0_361]
	at java.util.stream.Streams$ConcatSpliterator.forEachRemaining(Streams.java:743) ~[na:1.8.0_361]
	at java.util.stream.Streams$ConcatSpliterator.forEachRemaining(Streams.java:742) ~[na:1.8.0_361]
	at java.util.stream.ReferencePipeline$Head.forEach(ReferencePipeline.java:580) ~[na:1.8.0_361]
	at org.junit.jupiter.engine.descriptor.ClassBasedTestDescriptor.invokeTestInstancePostProcessors(ClassBasedTestDescriptor.java:362) [junit-jupiter-engine-5.8.2.jar:5.8.2]
	at org.junit.jupiter.engine.descriptor.ClassBasedTestDescriptor.lambda$instantiateAndPostProcessTestInstance$6(ClassBasedTestDescriptor.java:283) [junit-jupiter-engine-5.8.2.jar:5.8.2]
	at org.junit.platform.engine.support.hierarchical.ThrowableCollector.execute(ThrowableCollector.java:73) ~[junit-platform-engine-1.8.2.jar:1.8.2]
	at org.junit.jupiter.engine.descriptor.ClassBasedTestDescriptor.instantiateAndPostProcessTestInstance(ClassBasedTestDescriptor.java:282) [junit-jupiter-engine-5.8.2.jar:5.8.2]
	at org.junit.jupiter.engine.descriptor.ClassBasedTestDescriptor.lambda$testInstancesProvider$4(ClassBasedTestDescriptor.java:272) [junit-jupiter-engine-5.8.2.jar:5.8.2]
	at java.util.Optional.orElseGet(Optional.java:267) ~[na:1.8.0_361]
	at org.junit.jupiter.engine.descriptor.ClassBasedTestDescriptor.lambda$testInstancesProvider$5(ClassBasedTestDescriptor.java:271) [junit-jupiter-engine-5.8.2.jar:5.8.2]
	at org.junit.jupiter.engine.execution.TestInstancesProvider.getTestInstances(TestInstancesProvider.java:31) ~[junit-jupiter-engine-5.8.2.jar:5.8.2]
	at org.junit.jupiter.engine.descriptor.TestMethodTestDescriptor.lambda$prepare$0(TestMethodTestDescriptor.java:102) ~[junit-jupiter-engine-5.8.2.jar:5.8.2]
	at org.junit.platform.engine.support.hierarchical.ThrowableCollector.execute(ThrowableCollector.java:73) ~[junit-platform-engine-1.8.2.jar:1.8.2]
	at org.junit.jupiter.engine.descriptor.TestMethodTestDescriptor.prepare(TestMethodTestDescriptor.java:101) ~[junit-jupiter-engine-5.8.2.jar:5.8.2]
	at org.junit.jupiter.engine.descriptor.TestMethodTestDescriptor.prepare(TestMethodTestDescriptor.java:66) ~[junit-jupiter-engine-5.8.2.jar:5.8.2]
	at org.junit.platform.engine.support.hierarchical.NodeTestTask.lambda$prepare$2(NodeTestTask.java:123) ~[junit-platform-engine-1.8.2.jar:1.8.2]
	at org.junit.platform.engine.support.hierarchical.ThrowableCollector.execute(ThrowableCollector.java:73) ~[junit-platform-engine-1.8.2.jar:1.8.2]
	at org.junit.platform.engine.support.hierarchical.NodeTestTask.prepare(NodeTestTask.java:123) ~[junit-platform-engine-1.8.2.jar:1.8.2]
	at org.junit.platform.engine.support.hierarchical.NodeTestTask.execute(NodeTestTask.java:90) ~[junit-platform-engine-1.8.2.jar:1.8.2]
	at java.util.ArrayList.forEach(ArrayList.java:1259) ~[na:1.8.0_361]
	at org.junit.platform.engine.support.hierarchical.SameThreadHierarchicalTestExecutorService.invokeAll(SameThreadHierarchicalTestExecutorService.java:41) ~[junit-platform-engine-1.8.2.jar:1.8.2]
	at org.junit.platform.engine.support.hierarchical.NodeTestTask.lambda$executeRecursively$6(NodeTestTask.java:155) ~[junit-platform-engine-1.8.2.jar:1.8.2]
	at org.junit.platform.engine.support.hierarchical.ThrowableCollector.execute(ThrowableCollector.java:73) ~[junit-platform-engine-1.8.2.jar:1.8.2]
	at org.junit.platform.engine.support.hierarchical.NodeTestTask.lambda$executeRecursively$8(NodeTestTask.java:141) ~[junit-platform-engine-1.8.2.jar:1.8.2]
	at org.junit.platform.engine.support.hierarchical.Node.around(Node.java:137) ~[junit-platform-engine-1.8.2.jar:1.8.2]
	at org.junit.platform.engine.support.hierarchical.NodeTestTask.lambda$executeRecursively$9(NodeTestTask.java:139) ~[junit-platform-engine-1.8.2.jar:1.8.2]
	at org.junit.platform.engine.support.hierarchical.ThrowableCollector.execute(ThrowableCollector.java:73) ~[junit-platform-engine-1.8.2.jar:1.8.2]
	at org.junit.platform.engine.support.hierarchical.NodeTestTask.executeRecursively(NodeTestTask.java:138) ~[junit-platform-engine-1.8.2.jar:1.8.2]
	at org.junit.platform.engine.support.hierarchical.NodeTestTask.execute(NodeTestTask.java:95) ~[junit-platform-engine-1.8.2.jar:1.8.2]
	at java.util.ArrayList.forEach(ArrayList.java:1259) ~[na:1.8.0_361]
	at org.junit.platform.engine.support.hierarchical.SameThreadHierarchicalTestExecutorService.invokeAll(SameThreadHierarchicalTestExecutorService.java:41) ~[junit-platform-engine-1.8.2.jar:1.8.2]
	at org.junit.platform.engine.support.hierarchical.NodeTestTask.lambda$executeRecursively$6(NodeTestTask.java:155) ~[junit-platform-engine-1.8.2.jar:1.8.2]
	at org.junit.platform.engine.support.hierarchical.ThrowableCollector.execute(ThrowableCollector.java:73) ~[junit-platform-engine-1.8.2.jar:1.8.2]
	at org.junit.platform.engine.support.hierarchical.NodeTestTask.lambda$executeRecursively$8(NodeTestTask.java:141) ~[junit-platform-engine-1.8.2.jar:1.8.2]
	at org.junit.platform.engine.support.hierarchical.Node.around(Node.java:137) ~[junit-platform-engine-1.8.2.jar:1.8.2]
	at org.junit.platform.engine.support.hierarchical.NodeTestTask.lambda$executeRecursively$9(NodeTestTask.java:139) ~[junit-platform-engine-1.8.2.jar:1.8.2]
	at org.junit.platform.engine.support.hierarchical.ThrowableCollector.execute(ThrowableCollector.java:73) ~[junit-platform-engine-1.8.2.jar:1.8.2]
	at org.junit.platform.engine.support.hierarchical.NodeTestTask.executeRecursively(NodeTestTask.java:138) ~[junit-platform-engine-1.8.2.jar:1.8.2]
	at org.junit.platform.engine.support.hierarchical.NodeTestTask.execute(NodeTestTask.java:95) ~[junit-platform-engine-1.8.2.jar:1.8.2]
	at org.junit.platform.engine.support.hierarchical.SameThreadHierarchicalTestExecutorService.submit(SameThreadHierarchicalTestExecutorService.java:35) ~[junit-platform-engine-1.8.2.jar:1.8.2]
	at org.junit.platform.engine.support.hierarchical.HierarchicalTestExecutor.execute(HierarchicalTestExecutor.java:57) ~[junit-platform-engine-1.8.2.jar:1.8.2]
	at org.junit.platform.engine.support.hierarchical.HierarchicalTestEngine.execute(HierarchicalTestEngine.java:54) ~[junit-platform-engine-1.8.2.jar:1.8.2]
	at org.junit.platform.launcher.core.DefaultLauncher.execute(DefaultLauncher.java:220) ~[junit-platform-launcher-1.3.1.jar:1.3.1]
	at org.junit.platform.launcher.core.DefaultLauncher.lambda$execute$6(DefaultLauncher.java:188) ~[junit-platform-launcher-1.3.1.jar:1.3.1]
	at org.junit.platform.launcher.core.DefaultLauncher.withInterceptedStreams(DefaultLauncher.java:202) ~[junit-platform-launcher-1.3.1.jar:1.3.1]
	at org.junit.platform.launcher.core.DefaultLauncher.execute(DefaultLauncher.java:181) ~[junit-platform-launcher-1.3.1.jar:1.3.1]
	at org.junit.platform.launcher.core.DefaultLauncher.execute(DefaultLauncher.java:128) ~[junit-platform-launcher-1.3.1.jar:1.3.1]
	at org.apache.maven.surefire.junitplatform.JUnitPlatformProvider.invokeAllTests(JUnitPlatformProvider.java:150) ~[surefire-junit-platform-2.22.2.jar:2.22.2]
	at org.apache.maven.surefire.junitplatform.JUnitPlatformProvider.invoke(JUnitPlatformProvider.java:124) ~[surefire-junit-platform-2.22.2.jar:2.22.2]
	at org.apache.maven.surefire.booter.ForkedBooter.invokeProviderInSameClassLoader(ForkedBooter.java:384) ~[surefire-booter-2.22.2.jar:2.22.2]
	at org.apache.maven.surefire.booter.ForkedBooter.runSuitesInProcess(ForkedBooter.java:345) ~[surefire-booter-2.22.2.jar:2.22.2]
	at org.apache.maven.surefire.booter.ForkedBooter.execute(ForkedBooter.java:126) ~[surefire-booter-2.22.2.jar:2.22.2]
	at org.apache.maven.surefire.booter.ForkedBooter.main(ForkedBooter.java:418) ~[surefire-booter-2.22.2.jar:2.22.2]
Caused by: java.lang.IllegalStateException: javax.websocket.server.ServerContainer not available
	at org.springframework.util.Assert.state(Assert.java:76) ~[spring-core-5.3.26.jar:5.3.26]
	at org.springframework.web.socket.server.standard.ServerEndpointExporter.afterPropertiesSet(ServerEndpointExporter.java:107) ~[spring-websocket-5.3.26.jar:5.3.26]
	at org.springframework.beans.factory.support.AbstractAutowireCapableBeanFactory.invokeInitMethods(AbstractAutowireCapableBeanFactory.java:1863) ~[spring-beans-5.3.26.jar:5.3.26]
	at org.springframework.beans.factory.support.AbstractAutowireCapableBeanFactory.initializeBean(AbstractAutowireCapableBeanFactory.java:1800) ~[spring-beans-5.3.26.jar:5.3.26]
	... 82 common frames omitted

2023-05-10 23:11:16.771 ERROR 16084 --- [           main] o.s.test.context.TestContextManager      : Caught exception while allowing TestExecutionListener [org.springframework.test.context.web.ServletTestExecutionListener@2b40ff9c] to prepare test instance [com.example.springbootdemo.SpringBootDemoApplicationTests@4ba89729]

java.lang.IllegalStateException: Failed to load ApplicationContext
	at org.springframework.test.context.cache.DefaultCacheAwareContextLoaderDelegate.loadContext(DefaultCacheAwareContextLoaderDelegate.java:98) ~[spring-test-5.3.26.jar:5.3.26]
	at org.springframework.test.context.support.DefaultTestContext.getApplicationContext(DefaultTestContext.java:124) ~[spring-test-5.3.26.jar:5.3.26]
	at org.springframework.test.context.web.ServletTestExecutionListener.setUpRequestContextIfNecessary(ServletTestExecutionListener.java:190) ~[spring-test-5.3.26.jar:5.3.26]
	at org.springframework.test.context.web.ServletTestExecutionListener.prepareTestInstance(ServletTestExecutionListener.java:132) ~[spring-test-5.3.26.jar:5.3.26]
	at org.springframework.test.context.TestContextManager.prepareTestInstance(TestContextManager.java:248) ~[spring-test-5.3.26.jar:5.3.26]
	at org.springframework.test.context.junit.jupiter.SpringExtension.postProcessTestInstance(SpringExtension.java:138) [spring-test-5.3.26.jar:5.3.26]
	at org.junit.jupiter.engine.descriptor.ClassBasedTestDescriptor.lambda$invokeTestInstancePostProcessors$8(ClassBasedTestDescriptor.java:363) [junit-jupiter-engine-5.8.2.jar:5.8.2]
	at org.junit.jupiter.engine.descriptor.ClassBasedTestDescriptor.executeAndMaskThrowable(ClassBasedTestDescriptor.java:368) [junit-jupiter-engine-5.8.2.jar:5.8.2]
	at org.junit.jupiter.engine.descriptor.ClassBasedTestDescriptor.lambda$invokeTestInstancePostProcessors$9(ClassBasedTestDescriptor.java:363) [junit-jupiter-engine-5.8.2.jar:5.8.2]
	at java.util.stream.ReferencePipeline$3$1.accept(ReferencePipeline.java:193) ~[na:1.8.0_361]
	at java.util.stream.ReferencePipeline$2$1.accept(ReferencePipeline.java:175) ~[na:1.8.0_361]
	at java.util.ArrayList$ArrayListSpliterator.forEachRemaining(ArrayList.java:1384) ~[na:1.8.0_361]
	at java.util.stream.AbstractPipeline.copyInto(AbstractPipeline.java:482) ~[na:1.8.0_361]
	at java.util.stream.AbstractPipeline.wrapAndCopyInto(AbstractPipeline.java:472) ~[na:1.8.0_361]
	at java.util.stream.StreamSpliterators$WrappingSpliterator.forEachRemaining(StreamSpliterators.java:312) ~[na:1.8.0_361]
	at java.util.stream.Streams$ConcatSpliterator.forEachRemaining(Streams.java:743) ~[na:1.8.0_361]
	at java.util.stream.Streams$ConcatSpliterator.forEachRemaining(Streams.java:742) ~[na:1.8.0_361]
	at java.util.stream.ReferencePipeline$Head.forEach(ReferencePipeline.java:580) ~[na:1.8.0_361]
	at org.junit.jupiter.engine.descriptor.ClassBasedTestDescriptor.invokeTestInstancePostProcessors(ClassBasedTestDescriptor.java:362) [junit-jupiter-engine-5.8.2.jar:5.8.2]
	at org.junit.jupiter.engine.descriptor.ClassBasedTestDescriptor.lambda$instantiateAndPostProcessTestInstance$6(ClassBasedTestDescriptor.java:283) [junit-jupiter-engine-5.8.2.jar:5.8.2]
	at org.junit.platform.engine.support.hierarchical.ThrowableCollector.execute(ThrowableCollector.java:73) ~[junit-platform-engine-1.8.2.jar:1.8.2]
	at org.junit.jupiter.engine.descriptor.ClassBasedTestDescriptor.instantiateAndPostProcessTestInstance(ClassBasedTestDescriptor.java:282) [junit-jupiter-engine-5.8.2.jar:5.8.2]
	at org.junit.jupiter.engine.descriptor.ClassBasedTestDescriptor.lambda$testInstancesProvider$4(ClassBasedTestDescriptor.java:272) [junit-jupiter-engine-5.8.2.jar:5.8.2]
	at java.util.Optional.orElseGet(Optional.java:267) ~[na:1.8.0_361]
	at org.junit.jupiter.engine.descriptor.ClassBasedTestDescriptor.lambda$testInstancesProvider$5(ClassBasedTestDescriptor.java:271) [junit-jupiter-engine-5.8.2.jar:5.8.2]
	at org.junit.jupiter.engine.execution.TestInstancesProvider.getTestInstances(TestInstancesProvider.java:31) ~[junit-jupiter-engine-5.8.2.jar:5.8.2]
	at org.junit.jupiter.engine.descriptor.TestMethodTestDescriptor.lambda$prepare$0(TestMethodTestDescriptor.java:102) ~[junit-jupiter-engine-5.8.2.jar:5.8.2]
	at org.junit.platform.engine.support.hierarchical.ThrowableCollector.execute(ThrowableCollector.java:73) ~[junit-platform-engine-1.8.2.jar:1.8.2]
	at org.junit.jupiter.engine.descriptor.TestMethodTestDescriptor.prepare(TestMethodTestDescriptor.java:101) ~[junit-jupiter-engine-5.8.2.jar:5.8.2]
	at org.junit.jupiter.engine.descriptor.TestMethodTestDescriptor.prepare(TestMethodTestDescriptor.java:66) ~[junit-jupiter-engine-5.8.2.jar:5.8.2]
	at org.junit.platform.engine.support.hierarchical.NodeTestTask.lambda$prepare$2(NodeTestTask.java:123) ~[junit-platform-engine-1.8.2.jar:1.8.2]
	at org.junit.platform.engine.support.hierarchical.ThrowableCollector.execute(ThrowableCollector.java:73) ~[junit-platform-engine-1.8.2.jar:1.8.2]
	at org.junit.platform.engine.support.hierarchical.NodeTestTask.prepare(NodeTestTask.java:123) ~[junit-platform-engine-1.8.2.jar:1.8.2]
	at org.junit.platform.engine.support.hierarchical.NodeTestTask.execute(NodeTestTask.java:90) ~[junit-platform-engine-1.8.2.jar:1.8.2]
	at java.util.ArrayList.forEach(ArrayList.java:1259) ~[na:1.8.0_361]
	at org.junit.platform.engine.support.hierarchical.SameThreadHierarchicalTestExecutorService.invokeAll(SameThreadHierarchicalTestExecutorService.java:41) ~[junit-platform-engine-1.8.2.jar:1.8.2]
	at org.junit.platform.engine.support.hierarchical.NodeTestTask.lambda$executeRecursively$6(NodeTestTask.java:155) ~[junit-platform-engine-1.8.2.jar:1.8.2]
	at org.junit.platform.engine.support.hierarchical.ThrowableCollector.execute(ThrowableCollector.java:73) ~[junit-platform-engine-1.8.2.jar:1.8.2]
	at org.junit.platform.engine.support.hierarchical.NodeTestTask.lambda$executeRecursively$8(NodeTestTask.java:141) ~[junit-platform-engine-1.8.2.jar:1.8.2]
	at org.junit.platform.engine.support.hierarchical.Node.around(Node.java:137) ~[junit-platform-engine-1.8.2.jar:1.8.2]
	at org.junit.platform.engine.support.hierarchical.NodeTestTask.lambda$executeRecursively$9(NodeTestTask.java:139) ~[junit-platform-engine-1.8.2.jar:1.8.2]
	at org.junit.platform.engine.support.hierarchical.ThrowableCollector.execute(ThrowableCollector.java:73) ~[junit-platform-engine-1.8.2.jar:1.8.2]
	at org.junit.platform.engine.support.hierarchical.NodeTestTask.executeRecursively(NodeTestTask.java:138) ~[junit-platform-engine-1.8.2.jar:1.8.2]
	at org.junit.platform.engine.support.hierarchical.NodeTestTask.execute(NodeTestTask.java:95) ~[junit-platform-engine-1.8.2.jar:1.8.2]
	at java.util.ArrayList.forEach(ArrayList.java:1259) ~[na:1.8.0_361]
	at org.junit.platform.engine.support.hierarchical.SameThreadHierarchicalTestExecutorService.invokeAll(SameThreadHierarchicalTestExecutorService.java:41) ~[junit-platform-engine-1.8.2.jar:1.8.2]
	at org.junit.platform.engine.support.hierarchical.NodeTestTask.lambda$executeRecursively$6(NodeTestTask.java:155) ~[junit-platform-engine-1.8.2.jar:1.8.2]
	at org.junit.platform.engine.support.hierarchical.ThrowableCollector.execute(ThrowableCollector.java:73) ~[junit-platform-engine-1.8.2.jar:1.8.2]
	at org.junit.platform.engine.support.hierarchical.NodeTestTask.lambda$executeRecursively$8(NodeTestTask.java:141) ~[junit-platform-engine-1.8.2.jar:1.8.2]
	at org.junit.platform.engine.support.hierarchical.Node.around(Node.java:137) ~[junit-platform-engine-1.8.2.jar:1.8.2]
	at org.junit.platform.engine.support.hierarchical.NodeTestTask.lambda$executeRecursively$9(NodeTestTask.java:139) ~[junit-platform-engine-1.8.2.jar:1.8.2]
	at org.junit.platform.engine.support.hierarchical.ThrowableCollector.execute(ThrowableCollector.java:73) ~[junit-platform-engine-1.8.2.jar:1.8.2]
	at org.junit.platform.engine.support.hierarchical.NodeTestTask.executeRecursively(NodeTestTask.java:138) ~[junit-platform-engine-1.8.2.jar:1.8.2]
	at org.junit.platform.engine.support.hierarchical.NodeTestTask.execute(NodeTestTask.java:95) ~[junit-platform-engine-1.8.2.jar:1.8.2]
	at org.junit.platform.engine.support.hierarchical.SameThreadHierarchicalTestExecutorService.submit(SameThreadHierarchicalTestExecutorService.java:35) ~[junit-platform-engine-1.8.2.jar:1.8.2]
	at org.junit.platform.engine.support.hierarchical.HierarchicalTestExecutor.execute(HierarchicalTestExecutor.java:57) ~[junit-platform-engine-1.8.2.jar:1.8.2]
	at org.junit.platform.engine.support.hierarchical.HierarchicalTestEngine.execute(HierarchicalTestEngine.java:54) ~[junit-platform-engine-1.8.2.jar:1.8.2]
	at org.junit.platform.launcher.core.DefaultLauncher.execute(DefaultLauncher.java:220) ~[junit-platform-launcher-1.3.1.jar:1.3.1]
	at org.junit.platform.launcher.core.DefaultLauncher.lambda$execute$6(DefaultLauncher.java:188) ~[junit-platform-launcher-1.3.1.jar:1.3.1]
	at org.junit.platform.launcher.core.DefaultLauncher.withInterceptedStreams(DefaultLauncher.java:202) ~[junit-platform-launcher-1.3.1.jar:1.3.1]
	at org.junit.platform.launcher.core.DefaultLauncher.execute(DefaultLauncher.java:181) ~[junit-platform-launcher-1.3.1.jar:1.3.1]
	at org.junit.platform.launcher.core.DefaultLauncher.execute(DefaultLauncher.java:128) ~[junit-platform-launcher-1.3.1.jar:1.3.1]
	at org.apache.maven.surefire.junitplatform.JUnitPlatformProvider.invokeAllTests(JUnitPlatformProvider.java:150) ~[surefire-junit-platform-2.22.2.jar:2.22.2]
	at org.apache.maven.surefire.junitplatform.JUnitPlatformProvider.invoke(JUnitPlatformProvider.java:124) ~[surefire-junit-platform-2.22.2.jar:2.22.2]
	at org.apache.maven.surefire.booter.ForkedBooter.invokeProviderInSameClassLoader(ForkedBooter.java:384) ~[surefire-booter-2.22.2.jar:2.22.2]
	at org.apache.maven.surefire.booter.ForkedBooter.runSuitesInProcess(ForkedBooter.java:345) ~[surefire-booter-2.22.2.jar:2.22.2]
	at org.apache.maven.surefire.booter.ForkedBooter.execute(ForkedBooter.java:126) ~[surefire-booter-2.22.2.jar:2.22.2]
	at org.apache.maven.surefire.booter.ForkedBooter.main(ForkedBooter.java:418) ~[surefire-booter-2.22.2.jar:2.22.2]
Caused by: org.springframework.beans.factory.BeanCreationException: Error creating bean with name 'serverEndpointExporter' defined in com.example.springbootdemo.SpringBootDemoApplication$WebSocketConfig: Invocation of init method failed; nested exception is java.lang.IllegalStateException: javax.websocket.server.ServerContainer not available
	at org.springframework.beans.factory.support.AbstractAutowireCapableBeanFactory.initializeBean(AbstractAutowireCapableBeanFactory.java:1804) ~[spring-beans-5.3.26.jar:5.3.26]
	at org.springframework.beans.factory.support.AbstractAutowireCapableBeanFactory.doCreateBean(AbstractAutowireCapableBeanFactory.java:620) ~[spring-beans-5.3.26.jar:5.3.26]
	at org.springframework.beans.factory.support.AbstractAutowireCapableBeanFactory.createBean(AbstractAutowireCapableBeanFactory.java:542) ~[spring-beans-5.3.26.jar:5.3.26]
	at org.springframework.beans.factory.support.AbstractBeanFactory.lambda$doGetBean$0(AbstractBeanFactory.java:335) ~[spring-beans-5.3.26.jar:5.3.26]
	at org.springframework.beans.factory.support.DefaultSingletonBeanRegistry.getSingleton(DefaultSingletonBeanRegistry.java:234) ~[spring-beans-5.3.26.jar:5.3.26]
	at org.springframework.beans.factory.support.AbstractBeanFactory.doGetBean(AbstractBeanFactory.java:333) ~[spring-beans-5.3.26.jar:5.3.26]
	at org.springframework.beans.factory.support.AbstractBeanFactory.getBean(AbstractBeanFactory.java:208) ~[spring-beans-5.3.26.jar:5.3.26]
	at org.springframework.beans.factory.support.DefaultListableBeanFactory.preInstantiateSingletons(DefaultListableBeanFactory.java:955) ~[spring-beans-5.3.26.jar:5.3.26]
	at org.springframework.context.support.AbstractApplicationContext.finishBeanFactoryInitialization(AbstractApplicationContext.java:920) ~[spring-context-5.3.26.jar:5.3.26]
	at org.springframework.context.support.AbstractApplicationContext.refresh(AbstractApplicationContext.java:583) ~[spring-context-5.3.26.jar:5.3.26]
	at org.springframework.boot.SpringApplication.refresh(SpringApplication.java:731) ~[spring-boot-2.7.10.jar:2.7.10]
	at org.springframework.boot.SpringApplication.refreshContext(SpringApplication.java:408) ~[spring-boot-2.7.10.jar:2.7.10]
	at org.springframework.boot.SpringApplication.run(SpringApplication.java:307) ~[spring-boot-2.7.10.jar:2.7.10]
	at org.springframework.boot.test.context.SpringBootContextLoader.loadContext(SpringBootContextLoader.java:136) ~[spring-boot-test-2.7.10.jar:2.7.10]
	at org.springframework.test.context.cache.DefaultCacheAwareContextLoaderDelegate.loadContextInternal(DefaultCacheAwareContextLoaderDelegate.java:141) ~[spring-test-5.3.26.jar:5.3.26]
	at org.springframework.test.context.cache.DefaultCacheAwareContextLoaderDelegate.loadContext(DefaultCacheAwareContextLoaderDelegate.java:90) ~[spring-test-5.3.26.jar:5.3.26]
	... 67 common frames omitted
Caused by: java.lang.IllegalStateException: javax.websocket.server.ServerContainer not available
	at org.springframework.util.Assert.state(Assert.java:76) ~[spring-core-5.3.26.jar:5.3.26]
	at org.springframework.web.socket.server.standard.ServerEndpointExporter.afterPropertiesSet(ServerEndpointExporter.java:107) ~[spring-websocket-5.3.26.jar:5.3.26]
	at org.springframework.beans.factory.support.AbstractAutowireCapableBeanFactory.invokeInitMethods(AbstractAutowireCapableBeanFactory.java:1863) ~[spring-beans-5.3.26.jar:5.3.26]
	at org.springframework.beans.factory.support.AbstractAutowireCapableBeanFactory.initializeBean(AbstractAutowireCapableBeanFactory.java:1800) ~[spring-beans-5.3.26.jar:5.3.26]
	... 82 common frames omitted

]]></system-out>
  </testcase>
</testsuite>